<?xml version="1.0" encoding="UTF-8"?>
<testng-results skipped="0" failed="0" total="1" passed="1">
  <reporter-output>
  </reporter-output>
  <suite name="Default suite" duration-ms="2503" started-at="2019-06-05T09:22:44Z" finished-at="2019-06-05T09:22:46Z">
    <groups>
    </groups>
    <test name="Default test" duration-ms="2503" started-at="2019-06-05T09:22:44Z" finished-at="2019-06-05T09:22:46Z">
      <class name="com.qa.test.GetAPITest">
        <test-method status="PASS" signature="setUp()[pri:0, instance:com.qa.test.GetAPITest@1fbc7afb]" name="setUp" is-config="true" duration-ms="24" started-at="2019-06-05T14:52:44Z" finished-at="2019-06-05T14:52:44Z">
          <reporter-output>
          </reporter-output>
        </test-method> <!-- setUp -->
        <test-method status="PASS" signature="getTest()[pri:0, instance:com.qa.test.GetAPITest@1fbc7afb]" name="getTest" duration-ms="2443" started-at="2019-06-05T14:52:44Z" finished-at="2019-06-05T14:52:46Z">
          <reporter-output>
          </reporter-output>
        </test-method> <!-- getTest -->
      </class> <!-- com.qa.test.GetAPITest -->
    </test> <!-- Default test -->
  </suite> <!-- Default suite -->
</testng-results>
